 ----------------------------------------------------
 BIOVIA COSMOtherm 2025 (build: 25.0.0 [9ec3936f1e] )
 ----------------------------------------------------

 Copyright (C) 1999-2024, Dassault Systemes BIOVIA corp, all rights reserved

 Job name   : !! generated by COSMOthermX !!
 Job date   : 06/12/2025
 Job time   : 10:17:49
 Hostname   : unknown
 OS type    : unknown
 Executable : Linux 64-bit

 Reading COSMOtherm parameter file BP_TZVP_25.ctd from directory /home/pcmt/COSMOlogic/COSMOtherm2025/COSMOthermX/../COSMOtherm/CTDATA-FILES/
 Info: # COSMOtherm parameter file ./BP_TZVP_25.ctd for BP-TZVP optimized COSMO files # 

 Reading COSMOtherm license key license.txt from directory /home/pcmt/COSMOlogic/COSMOtherm2025/COSMOthermX/../licensefiles/

 COSMOtherm license key expiration date 02/28/2026
 COSMOtherm license key version 26
 Customer : 200000000019588
 ID       : LKO3533017

 License keys:
  product                   |    licensed version    | status
 ------------------------------------------------------------------------------ 
  COSMOtherm                |          26            | active
  TURBOMOLE                 |          26            | active
  COSMOquick                |          26            | active
  COSMOconf                 |          26            | active
  COSMOmic                  |          26            | active
  COSMObase                 |          26            | active
  COSMObaseIL               |          19            | newer version available
  COSMOperm                 |          26            | active
  COSMOplex                 |          26            | active
 ------------------------------------------------------------------------------ 

 Execution with 1 thread
 COSMOperce WARNING: too many neighbor atoms detected: pao_oh_cl_4h2o-bp86-cosmors-deftzvp-klamt !
 COSMOperce WARNING: too many neighbor atoms detected: pao_oh_cl_4h2o-bp86-cosmors-deftzvp-klamt_gas !
 COSMOperce WARNING: too many neighbor atoms detected: pao_oh_cl2_3h2o-bp86-cosmors-deftzvp-klamt !
 COSMOperce WARNING: too many neighbor atoms detected: pao_oh_cl2_3h2o-bp86-cosmors-deftzvp-klamt_gas !
 COSMOperce WARNING: too many neighbor atoms detected: pao_cl3_cltrans_2h2o-bp86-cosmors-deftzvp-klamt !
 COSMOperce WARNING: too many neighbor atoms detected: pao_cl3_cltrans_2h2o-bp86-cosmors-deftzvp-klamt_gas !
 COSMOperce WARNING: too many neighbor atoms detected: pao_cl5_h2o-bp86-cosmors-deftzvp-klamt !
 COSMOperce WARNING: too many neighbor atoms detected: pao_cl5_h2o-bp86-cosmors-deftzvp-klamt_gas !
 COSMOperce WARNING: too many neighbor atoms detected: pao_oh_cl-trans_4h2o-bp86-cosmors-deftzvp-klamt !
 COSMOperce WARNING: too many neighbor atoms detected: pao_oh_cl-trans_4h2o-bp86-cosmors-deftzvp-klamt_gas !
 COSMOperce WARNING: too many neighbor atoms detected: pao_oh_cl_4h2o-trans-bp86-cosmors-deftzvp-klamt !
 COSMOperce WARNING: too many neighbor atoms detected: pao_oh_cl_4h2o-trans-bp86-cosmors-deftzvp-klamt_gas !
 
 Reading vapor pressure and property information for compound 1 from file /home/pcmt/COSMOlogic/COSMOtherm2025/COSMOtherm/DATABASE-COSMO/BP-TZVP-COSMO/h/h2o.vap
 Reading COSMO information for compound 1 conformer 1 from file /home/pcmt/COSMOlogic/COSMOtherm2025/COSMOtherm/DATABASE-COSMO/BP-TZVP-COSMO/h/h2o_c0.cosmo
 Reading gas phase energy information for compound 1 conformer 1 from file /home/pcmt/COSMOlogic/COSMOtherm2025/COSMOtherm/DATABASE-COSMO/BP-TZVP-COSMO/h/h2o_c0.energy
 
 Note: Vapor pressure / property file could not be found for compound 2
 Reading COSMO information for compound 2 conformer 1 from file /home/shaaban/Gaussian/cosmors/exafs-geom/pao_oh_cl_4h2o/oh-trans/pao_oh_cl_4h2o-bp86-cosmors-deftzvp-klamt.cosmo
 Reading gas phase energy information for compound 2 conformer 1 from file /home/shaaban/Gaussian/cosmors/exafs-geom/pao_oh_cl_4h2o/oh-trans/pao_oh_cl_4h2o-bp86-cosmors-deftzvp-klamt.energy
 Note: converting Gaussian COSMO-file information of compound 2 conformer 1
 
 Note: Vapor pressure / property file could not be found for compound 3
 Reading COSMO information for compound 3 conformer 1 from file /home/shaaban/Gaussian/cosmors/exafs-geom/pao_oh_cl2_3h2o/pao_oh_cl2_3h2o-bp86-cosmors-deftzvp-klamt.cosmo
 Reading gas phase energy information for compound 3 conformer 1 from file /home/shaaban/Gaussian/cosmors/exafs-geom/pao_oh_cl2_3h2o/pao_oh_cl2_3h2o-bp86-cosmors-deftzvp-klamt.energy
 Note: converting Gaussian COSMO-file information of compound 3 conformer 1
 
 Note: Vapor pressure / property file could not be found for compound 4
 Reading COSMO information for compound 4 conformer 1 from file /home/shaaban/Gaussian/cosmors/exafs-geom/pao_cl4_2h2o/pao_cl3_cltrans_2h2o/pao_cl3_cltrans_2h2o-bp86-cosmors-deftzvp-klamt.cosmo
 Reading gas phase energy information for compound 4 conformer 1 from file /home/shaaban/Gaussian/cosmors/exafs-geom/pao_cl4_2h2o/pao_cl3_cltrans_2h2o/pao_cl3_cltrans_2h2o-bp86-cosmors-deftzvp-klamt.energy
 Note: converting Gaussian COSMO-file information of compound 4 conformer 1
 
 Note: Vapor pressure / property file could not be found for compound 5
 Reading COSMO information for compound 5 conformer 1 from file /home/shaaban/Gaussian/cosmors/exafs-geom/pao_cl5_h2o/pao_cl5_h2o-bp86-cosmors-deftzvp-klamt.cosmo
 Reading gas phase energy information for compound 5 conformer 1 from file /home/shaaban/Gaussian/cosmors/exafs-geom/pao_cl5_h2o/pao_cl5_h2o-bp86-cosmors-deftzvp-klamt.energy
 Note: converting Gaussian COSMO-file information of compound 5 conformer 1
 
 Note: Vapor pressure / property file could not be found for compound 6
 Reading COSMO information for compound 6 conformer 1 from file /home/shaaban/Gaussian/cosmors/exafs-geom/pao_oh_cl_4h2o/cl-trans/pao_oh_cl-trans_4h2o-bp86-cosmors-deftzvp-klamt.cosmo
 Reading gas phase energy information for compound 6 conformer 1 from file /home/shaaban/Gaussian/cosmors/exafs-geom/pao_oh_cl_4h2o/cl-trans/pao_oh_cl-trans_4h2o-bp86-cosmors-deftzvp-klamt.energy
 Note: converting Gaussian COSMO-file information of compound 6 conformer 1
 
 Note: Vapor pressure / property file could not be found for compound 7
 Reading COSMO information for compound 7 conformer 1 from file /home/shaaban/Gaussian/cosmors/exafs-geom/pao_oh_cl_4h2o/h2o-trans/pao_oh_cl_4h2o-trans-bp86-cosmors-deftzvp-klamt.cosmo
 Reading gas phase energy information for compound 7 conformer 1 from file /home/shaaban/Gaussian/cosmors/exafs-geom/pao_oh_cl_4h2o/h2o-trans/pao_oh_cl_4h2o-trans-bp86-cosmors-deftzvp-klamt.energy
 Note: converting Gaussian COSMO-file information of compound 7 conformer 1


 --- Compound 1 (h2o) ---

 Experimental data for compound 1 (h2o) :
 CAS registry number for compound 1 (CAS-RN = 7732-18-5)
 Antoine equation coefficients ([mbar]/[K]) for compound 1:        18.8198      3956.2903       -40.6247
 Wagner equation coefficients ([mbar]/[K]) for compound 1:    220600.0000       647.1400        -7.7645         1.4584        -2.7758        -1.2330
 Vapor Pressure [mbar] / Temperature [°C] input for compound 1:
               10.0000            7.0000
              100.0000           45.8000
             1000.0000           99.6000
 Minimum temperature for vapor pressure estimation of compound 1 (TPVMIN = 275.00000 K)
 Maximum temperature for vapor pressure estimation of compound 1 (TPVMAX = 647.00000 K)
 UNIQUAC volume parameter for compound 1 (UNIQUAC_RI = 0.92000)
 UNIQUAC surface parameter for compound 1 (UNIQUAC_QI = 1.40000)
 Boiling temperature of compound 1 (TBOIL = 373.15000 K)
 Melting temperature of compound 1 (TMELT = 273.15000 K)
 Experimental dielectric constant for compound 1 (EPSILON = 78.20000)
 Critical temperature of compound 1 (TCRIT = 647.09600 K)
 Critical pressure of compound 1 (PCRIT = 220640.00000 mbar)
 Critical density of compound 1 (DCRIT = 0.32239 g/ml)
 DIPPR 116 density parameters for compound 1 (EXPDENSDIPPR116 = {0.92619 -1.15605 3.01718 -2.12561 273.16000 647.09500})

 Compound Information for compound 1 conformer 1 (COSMO file /home/pcmt/COSMOlogic/COSMOtherm2025/COSMOtherm/DATABASE-COSMO/BP-TZVP-COSMO/h/h2o_c0.cosmo)
 Atomic weights         : 111
 E_COSMO+dE             :     -47990.5023 kcal/mol
 E_gas                  :     -47984.9061 kcal/mol
 E_COSMO-E_gas+dE       :         -5.5963 kcal/mol
 E_diel                 :         -9.5941 kcal/mol
 Averaging corr dE      :          0.5074 kcal/mol
 Area                   :         43.0704 A^2
 Volume                 :         25.6019 A^3
 Molecular Weight       :         18.0153 a.m.u.
 Total COSMO charge     :         -0.0012 a.u.
 Dipole moment (t,x,y,z):          2.4699 -0.001571  0.000479 -2.469851 Debye                            
 Polarity moment (|M|,M):          0.0009 -0.000005  0.000007  0.000881 e^2/A                            
 Sigma moments (1-6)    :          0.0000 74.869130 12.658305  1.80E+02 71.633630  4.87E+02              
 H-bond moment (accept) :          5.6951
 H-bond moment (donor)  :          3.8536


 --- Compound 2 (pao_oh_cl_4h2o-bp86-cosmors-deftzvp-klamt) ---

 Compound Information for compound 2 conformer 1 (COSMO file /home/shaaban/Gaussian/cosmors/exafs-geom/pao_oh_cl_4h2o/oh-trans/pao_oh_cl_4h2o-bp86-cosmors-deftzvp-klamt.cosmo)
 Atomic weights         : 11111111111111111
 E_COSMO+dE             :    -852837.3550 kcal/mol
 E_gas                  :    -852759.6258 kcal/mol
 E_COSMO-E_gas+dE       :        -77.7291 kcal/mol
 E_diel                 :        -83.1593 kcal/mol
 Averaging corr dE      :          1.5433 kcal/mol
 Area                   :        186.6350 A^2
 Volume                 :        193.6959 A^3
 Molecular Weight       :        371.5572 a.m.u.
 Total COSMO charge     :         -0.9988 a.u.
 Dipole moment (t,x,y,z):          0.0000  0.000000  0.000000  0.000000 Debye                            
 Polarity moment (|M|,M):          0.0222  0.021550  0.000182 -0.005237 e^2/A                            
 Sigma moments (1-6)    :       -100.0000  2.88E+02 -3.57E+02  7.65E+02 -1.22E+03  2.43E+03              
 H-bond moment (accept) :          1.3710
 H-bond moment (donor)  :         36.0396
 
 Note: Elements with low quality parametrization detected in compound 2 conformer 1
 WARNING: QM computation level of compound 2 conformer 1 could not be determined - it may differ from the QM level of the parameter set.


 --- Compound 3 (pao_oh_cl2_3h2o-bp86-cosmors-deftzvp-klamt) ---

 Compound Information for compound 3 conformer 1 (COSMO file /home/shaaban/Gaussian/cosmors/exafs-geom/pao_oh_cl2_3h2o/pao_oh_cl2_3h2o-bp86-cosmors-deftzvp-klamt.cosmo)
 Atomic weights         : 111111111111111
 E_COSMO+dE             :   -1093788.3184 kcal/mol
 E_gas                  :   -1093754.1254 kcal/mol
 E_COSMO-E_gas+dE       :        -34.1931 kcal/mol
 E_diel                 :        -39.6464 kcal/mol
 Averaging corr dE      :          1.6039 kcal/mol
 Area                   :        189.7951 A^2
 Volume                 :        202.0756 A^3
 Molecular Weight       :        388.9951 a.m.u.
 Total COSMO charge     :          0.0045 a.u.
 Dipole moment (t,x,y,z):          6.9278  1.708966  6.444982  1.880551 Debye                            
 Polarity moment (|M|,M):          0.0113  0.003440  0.008478 -0.006601 e^2/A                            
 Sigma moments (1-6)    :          0.0000  2.54E+02 -1.37E+02  5.64E+02 -6.02E+02  1.58E+03              
 H-bond moment (accept) :          3.7139
 H-bond moment (donor)  :         21.9318
 
 Note: Elements with low quality parametrization detected in compound 3 conformer 1
 WARNING: QM computation level of compound 3 conformer 1 could not be determined - it may differ from the QM level of the parameter set.


 --- Compound 4 (pao_cl3_cltrans_2h2o-bp86-cosmors-deftzvp-klamt) ---

 Compound Information for compound 4 conformer 1 (COSMO file /home/shaaban/Gaussian/cosmors/exafs-geom/pao_cl4_2h2o/pao_cl3_cltrans_2h2o/pao_cl3_cltrans_2h2o-bp86-cosmors-deftzvp-klamt.cosmo)
 Atomic weights         : 111111111111
 E_COSMO+dE             :   -1575960.3049 kcal/mol
 E_gas                  :   -1575888.5145 kcal/mol
 E_COSMO-E_gas+dE       :        -71.7904 kcal/mol
 E_diel                 :        -81.3998 kcal/mol
 Averaging corr dE      :          1.1498 kcal/mol
 Area                   :        199.6828 A^2
 Volume                 :        222.6250 A^3
 Molecular Weight       :        424.8788 a.m.u.
 Total COSMO charge     :          1.0080 a.u.
 Dipole moment (t,x,y,z):          0.0000  0.000000  0.000000  0.000000 Debye                            
 Polarity moment (|M|,M):          0.0124  0.000451 -0.008524 -0.008956 e^2/A                            
 Sigma moments (1-6)    :        100.0000  2.26E+02 32.600064  3.88E+02 -1.86E+02  9.10E+02              
 H-bond moment (accept) :          3.2470
 H-bond moment (donor)  :         10.9865
 
 Note: Elements with low quality parametrization detected in compound 4 conformer 1
 WARNING: QM computation level of compound 4 conformer 1 could not be determined - it may differ from the QM level of the parameter set.


 --- Compound 5 (pao_cl5_h2o-bp86-cosmors-deftzvp-klamt) ---

 Compound Information for compound 5 conformer 1 (COSMO file /home/shaaban/Gaussian/cosmors/exafs-geom/pao_cl5_h2o/pao_cl5_h2o-bp86-cosmors-deftzvp-klamt.cosmo)
 Atomic weights         : 1111111111
 E_COSMO+dE             :   -1816908.4341 kcal/mol
 E_gas                  :   -1816724.0601 kcal/mol
 E_COSMO-E_gas+dE       :       -184.3740 kcal/mol
 E_diel                 :       -192.3823 kcal/mol
 Averaging corr dE      :          0.9472 kcal/mol
 Area                   :        205.5787 A^2
 Volume                 :        232.3937 A^3
 Molecular Weight       :        442.3166 a.m.u.
 Total COSMO charge     :          2.0036 a.u.
 Dipole moment (t,x,y,z):          0.0000  0.000000  0.000000  0.000000 Debye                            
 Polarity moment (|M|,M):          0.0122  0.001184  0.005226 -0.010926 e^2/A                            
 Sigma moments (1-6)    :        200.0000  2.93E+02  3.00E+02  4.99E+02  4.92E+02  9.49E+02              
 H-bond moment (accept) :         17.8860
 H-bond moment (donor)  :          3.0635
 
 Note: Elements with low quality parametrization detected in compound 5 conformer 1
 WARNING: QM computation level of compound 5 conformer 1 could not be determined - it may differ from the QM level of the parameter set.


 --- Compound 6 (pao_oh_cl-trans_4h2o-bp86-cosmors-deftzvp-klamt) ---

 Compound Information for compound 6 conformer 1 (COSMO file /home/shaaban/Gaussian/cosmors/exafs-geom/pao_oh_cl_4h2o/cl-trans/pao_oh_cl-trans_4h2o-bp86-cosmors-deftzvp-klamt.cosmo)
 Atomic weights         : 11111111111111111
 E_COSMO+dE             :    -852833.1278 kcal/mol
 E_gas                  :    -852757.1980 kcal/mol
 E_COSMO-E_gas+dE       :        -75.9298 kcal/mol
 E_diel                 :        -80.4051 kcal/mol
 Averaging corr dE      :          1.4502 kcal/mol
 Area                   :        187.1017 A^2
 Volume                 :        195.3008 A^3
 Molecular Weight       :        371.5572 a.m.u.
 Total COSMO charge     :         -1.0004 a.u.
 Dipole moment (t,x,y,z):          0.0000  0.000000  0.000000  0.000000 Debye                            
 Polarity moment (|M|,M):          0.0187 -0.000279  0.001444 -0.018673 e^2/A                            
 Sigma moments (1-6)    :       -100.0000  2.84E+02 -3.42E+02  7.45E+02 -1.15E+03  2.34E+03              
 H-bond moment (accept) :          2.2776
 H-bond moment (donor)  :         34.5082
 
 Note: Elements with low quality parametrization detected in compound 6 conformer 1
 WARNING: QM computation level of compound 6 conformer 1 could not be determined - it may differ from the QM level of the parameter set.


 --- Compound 7 (pao_oh_cl_4h2o-trans-bp86-cosmors-deftzvp-klamt) ---

 Compound Information for compound 7 conformer 1 (COSMO file /home/shaaban/Gaussian/cosmors/exafs-geom/pao_oh_cl_4h2o/h2o-trans/pao_oh_cl_4h2o-trans-bp86-cosmors-deftzvp-klamt.cosmo)
 Atomic weights         : 11111111111111111
 E_COSMO+dE             :    -852828.7715 kcal/mol
 E_gas                  :    -852755.5246 kcal/mol
 E_COSMO-E_gas+dE       :        -73.2468 kcal/mol
 E_diel                 :        -76.6108 kcal/mol
 Averaging corr dE      :          1.6047 kcal/mol
 Area                   :        184.4590 A^2
 Volume                 :        190.8675 A^3
 Molecular Weight       :        371.5572 a.m.u.
 Total COSMO charge     :         -0.9929 a.u.
 Dipole moment (t,x,y,z):          0.0000  0.000000  0.000000  0.000000 Debye                            
 Polarity moment (|M|,M):          0.0092 -0.009110 -0.000843  0.001312 e^2/A                            
 Sigma moments (1-6)    :       -100.0000  2.75E+02 -3.52E+02  7.61E+02 -1.24E+03  2.51E+03              
 H-bond moment (accept) :          1.8256
 H-bond moment (donor)  :         35.0713
 
 Note: Elements with low quality parametrization detected in compound 7 conformer 1
 WARNING: QM computation level of compound 7 conformer 1 could not be determined - it may differ from the QM level of the parameter set.


 Total number of processed compounds: 7
----------------
 START job     1
----------------

 -------------------------------------------------------
 Computation of Henry law coefficients in compound    1
 -------------------------------------------------------



 Results for mixture 1
 ---------------------
 Temperature          :    298.150 K
 Compound Nr.         :         1         2         3         4         5         6         7
 Compound             :       h2o pao_oh_cl pao_oh_cl pao_cl3_c pao_cl5_h pao_oh_cl pao_oh_cl
 Mole Fraction        :    1.0000    0.0000    0.0000    0.0000    0.0000    0.0000    0.0000

 Compound: 1  (h2o)
 Chemical potential of the compound in the mixture :         3.63653 kcal/mol
 Log10(partial pressure [mbar])                    :         1.56351
 Free energy of molecule in mix (E_COSMO+dE+Mu)    :    -47986.86579 kcal/mol
 Total mean interaction energy in the mix (H_int)  :        -5.49853 kcal/mol
 Misfit interaction energy in the mix (H_MF)       :         0.29169 kcal/mol
 H-Bond interaction energy in the mix (H_HB)       :        -5.82694 kcal/mol
 VdW interaction energy in the mix (H_vdW)         :        -0.95751 kcal/mol
 Gas liquid transition energy in the mix (H_glt)   :         0.99423 kcal/mol




 Results for mixture 2
 ---------------------
 Temperature          :    298.150 K
 Compound Nr.         :         1         2         3         4         5         6         7
 Compound             :       h2o pao_oh_cl pao_oh_cl pao_cl3_c pao_cl5_h pao_oh_cl pao_oh_cl
 Mole Fraction        :    0.0000    1.0000    0.0000    0.0000    0.0000    0.0000    0.0000

 WARNING: Mixture    2 is not charge neutral!
 WARNING: Total molecular charge of mixture =       1.0000
 WARNING: Relative screening charge of ions in the mixture =       0.0000

 Compound: 2  (pao_oh_cl_4h2o-bp86-cosmors-deftzvp-klamt)
 Chemical potential of the compound in the mixture :        22.36135 kcal/mol
 Log10(partial pressure [mbar])                    :       -37.58486
 Free energy of molecule in mix (E_COSMO+dE+Mu)    :   -852814.99360 kcal/mol
 Total mean interaction energy in the mix (H_int)  :         7.09447 kcal/mol
 Misfit interaction energy in the mix (H_MF)       :        19.80048 kcal/mol
 H-Bond interaction energy in the mix (H_HB)       :        -7.37994 kcal/mol
 VdW interaction energy in the mix (H_vdW)         :        -6.32030 kcal/mol
 Gas liquid transition energy in the mix (H_glt)   :         0.99423 kcal/mol




 Results for mixture 3
 ---------------------
 Temperature          :    298.150 K
 Compound Nr.         :         1         2         3         4         5         6         7
 Compound             :       h2o pao_oh_cl pao_oh_cl pao_cl3_c pao_cl5_h pao_oh_cl pao_oh_cl
 Mole Fraction        :    0.0000    0.0000    1.0000    0.0000    0.0000    0.0000    0.0000

 Compound: 3  (pao_oh_cl2_3h2o-bp86-cosmors-deftzvp-klamt)
 Chemical potential of the compound in the mixture :         4.59425 kcal/mol
 Log10(partial pressure [mbar])                    :       -18.69609
 Free energy of molecule in mix (E_COSMO+dE+Mu)    :  -1093783.72417 kcal/mol
 Total mean interaction energy in the mix (H_int)  :       -14.65885 kcal/mol
 Misfit interaction energy in the mix (H_MF)       :         4.99927 kcal/mol
 H-Bond interaction energy in the mix (H_HB)       :       -12.85091 kcal/mol
 VdW interaction energy in the mix (H_vdW)         :        -7.80144 kcal/mol
 Gas liquid transition energy in the mix (H_glt)   :         0.99423 kcal/mol




 Results for mixture 4
 ---------------------
 Temperature          :    298.150 K
 Compound Nr.         :         1         2         3         4         5         6         7
 Compound             :       h2o pao_oh_cl pao_oh_cl pao_cl3_c pao_cl5_h pao_oh_cl pao_oh_cl
 Mole Fraction        :    1.0000    0.0000    0.0000    0.0000    0.0000    0.0000    0.0000

 Compound: 1  (h2o)
 Chemical potential of the compound in the mixture :         3.63653 kcal/mol
 Log10(partial pressure [mbar])                    :         1.56351
 Free energy of molecule in mix (E_COSMO+dE+Mu)    :    -47986.86579 kcal/mol
 Total mean interaction energy in the mix (H_int)  :        -5.49853 kcal/mol
 Misfit interaction energy in the mix (H_MF)       :         0.29169 kcal/mol
 H-Bond interaction energy in the mix (H_HB)       :        -5.82694 kcal/mol
 VdW interaction energy in the mix (H_vdW)         :        -0.95751 kcal/mol
 Gas liquid transition energy in the mix (H_glt)   :         0.99423 kcal/mol

 Compound: 4  (pao_cl3_cltrans_2h2o-bp86-cosmors-deftzvp-klamt)
 Chemical potential of the compound in the mixture :         0.06139 kcal/mol
 Log10(partial pressure [mbar])                    :       -49.57774
 Free energy of molecule in mix (E_COSMO+dE+Mu)    :  -1575960.24346 kcal/mol
 Total mean interaction energy in the mix (H_int)  :       -19.45779 kcal/mol
 Misfit interaction energy in the mix (H_MF)       :         1.85877 kcal/mol
 H-Bond interaction energy in the mix (H_HB)       :       -13.43486 kcal/mol
 VdW interaction energy in the mix (H_vdW)         :        -8.87594 kcal/mol
 Gas liquid transition energy in the mix (H_glt)   :         0.99423 kcal/mol


 Note: E_COSMO-E_GAS is exceptionally large for compound 5


 Results for mixture 5
 ---------------------
 Temperature          :    298.150 K
 Compound Nr.         :         1         2         3         4         5         6         7
 Compound             :       h2o pao_oh_cl pao_oh_cl pao_cl3_c pao_cl5_h pao_oh_cl pao_oh_cl
 Mole Fraction        :    1.0000    0.0000    0.0000    0.0000    0.0000    0.0000    0.0000

 Compound: 1  (h2o)
 Chemical potential of the compound in the mixture :         3.63653 kcal/mol
 Log10(partial pressure [mbar])                    :         1.56351
 Free energy of molecule in mix (E_COSMO+dE+Mu)    :    -47986.86579 kcal/mol
 Total mean interaction energy in the mix (H_int)  :        -5.49853 kcal/mol
 Misfit interaction energy in the mix (H_MF)       :         0.29169 kcal/mol
 H-Bond interaction energy in the mix (H_HB)       :        -5.82694 kcal/mol
 VdW interaction energy in the mix (H_vdW)         :        -0.95751 kcal/mol
 Gas liquid transition energy in the mix (H_glt)   :         0.99423 kcal/mol

 Compound: 5  (pao_cl5_h2o-bp86-cosmors-deftzvp-klamt)
 Chemical potential of the compound in the mixture :        -6.41099 kcal/mol
 Log10(partial pressure [mbar])                    :      -136.84640
 Free energy of molecule in mix (E_COSMO+dE+Mu)    :  -1816914.84508 kcal/mol
 Total mean interaction energy in the mix (H_int)  :       -31.94683 kcal/mol
 Misfit interaction energy in the mix (H_MF)       :         1.47660 kcal/mol
 H-Bond interaction energy in the mix (H_HB)       :       -24.04791 kcal/mol
 VdW interaction energy in the mix (H_vdW)         :       -10.36976 kcal/mol
 Gas liquid transition energy in the mix (H_glt)   :         0.99423 kcal/mol




 Results for mixture 6
 ---------------------
 Temperature          :    298.150 K
 Compound Nr.         :         1         2         3         4         5         6         7
 Compound             :       h2o pao_oh_cl pao_oh_cl pao_cl3_c pao_cl5_h pao_oh_cl pao_oh_cl
 Mole Fraction        :    0.0000    0.0000    0.0000    0.0000    0.0000    1.0000    0.0000

 WARNING: Mixture    6 is not charge neutral!
 WARNING: Total molecular charge of mixture =       1.0000
 WARNING: Relative screening charge of ions in the mixture =       0.0000

 Compound: 6  (pao_oh_cl-trans_4h2o-bp86-cosmors-deftzvp-klamt)
 Chemical potential of the compound in the mixture :        21.49535 kcal/mol
 Log10(partial pressure [mbar])                    :       -36.90076
 Free energy of molecule in mix (E_COSMO+dE+Mu)    :   -852811.63246 kcal/mol
 Total mean interaction energy in the mix (H_int)  :         4.44838 kcal/mol
 Misfit interaction energy in the mix (H_MF)       :        19.56659 kcal/mol
 H-Bond interaction energy in the mix (H_HB)       :        -9.64693 kcal/mol
 VdW interaction energy in the mix (H_vdW)         :        -6.46551 kcal/mol
 Gas liquid transition energy in the mix (H_glt)   :         0.99423 kcal/mol




 Results for mixture 7
 ---------------------
 Temperature          :    298.150 K
 Compound Nr.         :         1         2         3         4         5         6         7
 Compound             :       h2o pao_oh_cl pao_oh_cl pao_cl3_c pao_cl5_h pao_oh_cl pao_oh_cl
 Mole Fraction        :    0.0000    0.0000    0.0000    0.0000    0.0000    0.0000    1.0000

 WARNING: Mixture    7 is not charge neutral!
 WARNING: Total molecular charge of mixture =       1.0000
 WARNING: Relative screening charge of ions in the mixture =       0.0000

 Compound: 7  (pao_oh_cl_4h2o-trans-bp86-cosmors-deftzvp-klamt)
 Chemical potential of the compound in the mixture :        22.61187 kcal/mol
 Log10(partial pressure [mbar])                    :       -34.11569
 Free energy of molecule in mix (E_COSMO+dE+Mu)    :   -852806.15960 kcal/mol
 Total mean interaction energy in the mix (H_int)  :         7.02610 kcal/mol
 Misfit interaction energy in the mix (H_MF)       :        20.41447 kcal/mol
 H-Bond interaction energy in the mix (H_HB)       :        -8.32050 kcal/mol
 VdW interaction energy in the mix (H_vdW)         :        -6.06210 kcal/mol
 Gas liquid transition energy in the mix (H_glt)   :         0.99423 kcal/mol


 Note: E_COSMO-E_GAS is exceptionally large for compound 5


 Results for mixture 8
 ---------------------
 Temperature          :    298.150 K
 Compound Nr.         :         1         2         3         4         5         6         7
 Compound             :       h2o pao_oh_cl pao_oh_cl pao_cl3_c pao_cl5_h pao_oh_cl pao_oh_cl
 Mole Fraction        :    1.0000    0.0000    0.0000    0.0000    0.0000    0.0000    0.0000

 Compound: 1  (h2o)
 Chemical potential of the compound in the mixture :         3.63653 kcal/mol
 Log10(partial pressure [mbar])                    :         1.56351
 Free energy of molecule in mix (E_COSMO+dE+Mu)    :    -47986.86579 kcal/mol
 Total mean interaction energy in the mix (H_int)  :        -5.49853 kcal/mol
 Misfit interaction energy in the mix (H_MF)       :         0.29169 kcal/mol
 H-Bond interaction energy in the mix (H_HB)       :        -5.82694 kcal/mol
 VdW interaction energy in the mix (H_vdW)         :        -0.95751 kcal/mol
 Gas liquid transition energy in the mix (H_glt)   :         0.99423 kcal/mol
 Henry law coefficient                             :         0.03660 bar
 Henry law coefficient using experimental Pvap     :         0.03177 bar
 Gibbs Free Energy of Solvation                    :        -1.95973 kcal/mol

 Compound: 2  (pao_oh_cl_4h2o-bp86-cosmors-deftzvp-klamt)
 Chemical potential of the compound in the mixture :         1.52169 kcal/mol
 Log10(partial pressure [mbar])                    :       -52.86044
 Free energy of molecule in mix (E_COSMO+dE+Mu)    :   -852835.83326 kcal/mol
 Total mean interaction energy in the mix (H_int)  :       -30.23708 kcal/mol
 Misfit interaction energy in the mix (H_MF)       :         2.23574 kcal/mol
 H-Bond interaction energy in the mix (H_HB)       :       -28.43919 kcal/mol
 VdW interaction energy in the mix (H_vdW)         :        -5.02785 kcal/mol
 Gas liquid transition energy in the mix (H_glt)   :         0.99423 kcal/mol
 Henry law coefficient                             :         0.00000 bar
 Gibbs Free Energy of Solvation                    :       -76.20742 kcal/mol

 Compound: 3  (pao_oh_cl2_3h2o-bp86-cosmors-deftzvp-klamt)
 Chemical potential of the compound in the mixture :         0.17552 kcal/mol
 Log10(partial pressure [mbar])                    :       -21.93504
 Free energy of molecule in mix (E_COSMO+dE+Mu)    :  -1093788.14290 kcal/mol
 Total mean interaction energy in the mix (H_int)  :       -24.65412 kcal/mol
 Misfit interaction energy in the mix (H_MF)       :         2.03162 kcal/mol
 H-Bond interaction energy in the mix (H_HB)       :       -21.04719 kcal/mol
 VdW interaction energy in the mix (H_vdW)         :        -6.63279 kcal/mol
 Gas liquid transition energy in the mix (H_glt)   :         0.99423 kcal/mol
 Henry law coefficient                             :         0.00000 bar
 Gibbs Free Energy of Solvation                    :       -34.01754 kcal/mol

 Compound: 4  (pao_cl3_cltrans_2h2o-bp86-cosmors-deftzvp-klamt)
 Chemical potential of the compound in the mixture :         0.06139 kcal/mol
 Log10(partial pressure [mbar])                    :       -49.57774
 Free energy of molecule in mix (E_COSMO+dE+Mu)    :  -1575960.24346 kcal/mol
 Total mean interaction energy in the mix (H_int)  :       -19.45779 kcal/mol
 Misfit interaction energy in the mix (H_MF)       :         1.85877 kcal/mol
 H-Bond interaction energy in the mix (H_HB)       :       -13.43486 kcal/mol
 VdW interaction energy in the mix (H_vdW)         :        -8.87594 kcal/mol
 Gas liquid transition energy in the mix (H_glt)   :         0.99423 kcal/mol
 Henry law coefficient                             :         0.00000 bar
 Gibbs Free Energy of Solvation                    :       -71.72900 kcal/mol

 Compound: 5  (pao_cl5_h2o-bp86-cosmors-deftzvp-klamt)
 Chemical potential of the compound in the mixture :        -6.41099 kcal/mol
 Log10(partial pressure [mbar])                    :      -136.84640
 Free energy of molecule in mix (E_COSMO+dE+Mu)    :  -1816914.84508 kcal/mol
 Total mean interaction energy in the mix (H_int)  :       -31.94683 kcal/mol
 Misfit interaction energy in the mix (H_MF)       :         1.47660 kcal/mol
 H-Bond interaction energy in the mix (H_HB)       :       -24.04791 kcal/mol
 VdW interaction energy in the mix (H_vdW)         :       -10.36976 kcal/mol
 Gas liquid transition energy in the mix (H_glt)   :         0.99423 kcal/mol
 Henry law coefficient                             :         0.00000 bar
 Gibbs Free Energy of Solvation                    :      -190.78498 kcal/mol

 Compound: 6  (pao_oh_cl-trans_4h2o-bp86-cosmors-deftzvp-klamt)
 Chemical potential of the compound in the mixture :         1.87461 kcal/mol
 Log10(partial pressure [mbar])                    :       -51.28287
 Free energy of molecule in mix (E_COSMO+dE+Mu)    :   -852831.25320 kcal/mol
 Total mean interaction energy in the mix (H_int)  :       -29.67786 kcal/mol
 Misfit interaction energy in the mix (H_MF)       :         2.32883 kcal/mol
 H-Bond interaction energy in the mix (H_HB)       :       -27.83554 kcal/mol
 VdW interaction energy in the mix (H_vdW)         :        -5.16538 kcal/mol
 Gas liquid transition energy in the mix (H_glt)   :         0.99423 kcal/mol
 Henry law coefficient                             :         0.00000 bar
 Gibbs Free Energy of Solvation                    :       -74.05522 kcal/mol

 Compound: 7  (pao_oh_cl_4h2o-trans-bp86-cosmors-deftzvp-klamt)
 Chemical potential of the compound in the mixture :         1.86340 kcal/mol
 Log10(partial pressure [mbar])                    :       -49.32442
 Free energy of molecule in mix (E_COSMO+dE+Mu)    :   -852826.90806 kcal/mol
 Total mean interaction energy in the mix (H_int)  :       -28.91953 kcal/mol
 Misfit interaction energy in the mix (H_MF)       :         2.11129 kcal/mol
 H-Bond interaction energy in the mix (H_HB)       :       -27.25243 kcal/mol
 VdW interaction energy in the mix (H_vdW)         :        -4.77262 kcal/mol
 Gas liquid transition energy in the mix (H_glt)   :         0.99423 kcal/mol
 Henry law coefficient                             :         0.00000 bar
 Gibbs Free Energy of Solvation                    :       -71.38341 kcal/mol


----------------
 END job       1
----------------
